A51 MACRO ASSEMBLER  MAIN43                                                               04/04/2018 11:40:57 PAGE     1


MACRO ASSEMBLER A51 V8.02c
OBJECT MODULE PLACED IN .\Objects\main43.obj
ASSEMBLER INVOKED BY: C:\Keil_v5\C51\BIN\A51.EXE main43.a51 SET(SMALL) DEBUG PRINT(.\Listings\main43.lst) OBJECT(.\Objec
                      ts\main43.obj) EP

LOC  OBJ            LINE     SOURCE

0000                   1     ORG 0000h
                       2     
0000                   3     reset:
0000 D294              4             SETB P1.4       ; Apaga o LED 1
0002 D2B6              5             SETB P3.6       ; Apaga o LED 2
0004 D2B7              6             SETB P3.7       ; Apaga o LED 3
0006 7820              7             MOV R0, #20h
0008 7400              8             MOV A, #0       ; Zera o acumulador
                       9             
000A 04               10             INC A           ; Adiciona o acumulador
                      11             
000B F520             12             MOV 20h, A
                      13             ;JB 20.0h, reset
                      14     
                      15     END
A51 MACRO ASSEMBLER  MAIN43                                                               04/04/2018 11:40:57 PAGE     2

SYMBOL TABLE LISTING
------ ----- -------


N A M E             T Y P E  V A L U E   ATTRIBUTES

P1 . . . . . . . .  D ADDR   0090H   A   
P3 . . . . . . . .  D ADDR   00B0H   A   
RESET. . . . . . .  C ADDR   0000H   A   


REGISTER BANK(S) USED: 0 


ASSEMBLY COMPLETE.  0 WARNING(S), 0 ERROR(S)
